c:\users\vladimir\documents\visual studio 2010\projects\t11\t11\debug\t11.pch
c:\users\vladimir\documents\visual studio 2010\projects\t11\t11\debug\vc100.pdb
c:\users\vladimir\documents\visual studio 2010\projects\t11\t11\debug\stdafx.obj
c:\users\vladimir\documents\visual studio 2010\projects\t11\debug\t11.ilk
c:\users\vladimir\documents\visual studio 2010\projects\t11\debug\t11.exe
c:\users\vladimir\documents\visual studio 2010\projects\t11\t11\debug\t11.exe.intermediate.manifest
c:\users\vladimir\documents\visual studio 2010\projects\t11\debug\t11.pdb
c:\users\vladimir\documents\visual studio 2010\projects\t11\t11\debug\t11.exe.embed.manifest
c:\users\vladimir\documents\visual studio 2010\projects\t11\t11\debug\t11.exe.embed.manifest.res
c:\users\vladimir\documents\visual studio 2010\projects\t11\t11\debug\vc140.pdb
c:\users\vladimir\documents\visual studio 2010\projects\t11\t11\debug\vc140.idb
c:\users\vladimir\documents\visual studio 2010\projects\t11\t11\debug\t11.obj
c:\users\vladimir\documents\visual studio 2010\projects\t11\t11\debug\t11.vcxprojresolveassemblyreference.cache
c:\users\vladimir\documents\visual studio 2010\projects\t11\t11\debug\cl.command.1.tlog
c:\users\vladimir\documents\visual studio 2010\projects\t11\t11\debug\cl.read.1.tlog
c:\users\vladimir\documents\visual studio 2010\projects\t11\t11\debug\cl.write.1.tlog
c:\users\vladimir\documents\visual studio 2010\projects\t11\t11\debug\link-cvtres.read.1.tlog
c:\users\vladimir\documents\visual studio 2010\projects\t11\t11\debug\link-cvtres.write.1.tlog
c:\users\vladimir\documents\visual studio 2010\projects\t11\t11\debug\link.5248-cvtres.read.1.tlog
c:\users\vladimir\documents\visual studio 2010\projects\t11\t11\debug\link.5248-cvtres.write.1.tlog
c:\users\vladimir\documents\visual studio 2010\projects\t11\t11\debug\link.5248.read.1.tlog
c:\users\vladimir\documents\visual studio 2010\projects\t11\t11\debug\link.5248.write.1.tlog
c:\users\vladimir\documents\visual studio 2010\projects\t11\t11\debug\link.7204-cvtres.read.1.tlog
c:\users\vladimir\documents\visual studio 2010\projects\t11\t11\debug\link.7204-cvtres.write.1.tlog
c:\users\vladimir\documents\visual studio 2010\projects\t11\t11\debug\link.7204.read.1.tlog
c:\users\vladimir\documents\visual studio 2010\projects\t11\t11\debug\link.7204.write.1.tlog
c:\users\vladimir\documents\visual studio 2010\projects\t11\t11\debug\link.8360-cvtres.read.1.tlog
c:\users\vladimir\documents\visual studio 2010\projects\t11\t11\debug\link.8360-cvtres.write.1.tlog
c:\users\vladimir\documents\visual studio 2010\projects\t11\t11\debug\link.8360.read.1.tlog
c:\users\vladimir\documents\visual studio 2010\projects\t11\t11\debug\link.8360.write.1.tlog
c:\users\vladimir\documents\visual studio 2010\projects\t11\t11\debug\link.9628-cvtres.read.1.tlog
c:\users\vladimir\documents\visual studio 2010\projects\t11\t11\debug\link.9628-cvtres.write.1.tlog
c:\users\vladimir\documents\visual studio 2010\projects\t11\t11\debug\link.9628.read.1.tlog
c:\users\vladimir\documents\visual studio 2010\projects\t11\t11\debug\link.9628.write.1.tlog
c:\users\vladimir\documents\visual studio 2010\projects\t11\t11\debug\link.9780-cvtres.read.1.tlog
c:\users\vladimir\documents\visual studio 2010\projects\t11\t11\debug\link.9780-cvtres.write.1.tlog
c:\users\vladimir\documents\visual studio 2010\projects\t11\t11\debug\link.9780.read.1.tlog
c:\users\vladimir\documents\visual studio 2010\projects\t11\t11\debug\link.9780.write.1.tlog
c:\users\vladimir\documents\visual studio 2010\projects\t11\t11\debug\link.command.1.tlog
c:\users\vladimir\documents\visual studio 2010\projects\t11\t11\debug\link.read.1.tlog
c:\users\vladimir\documents\visual studio 2010\projects\t11\t11\debug\link.write.1.tlog
c:\users\vladimir\documents\visual studio 2010\projects\t11\t11\debug\mt.command.1.tlog
c:\users\vladimir\documents\visual studio 2010\projects\t11\t11\debug\mt.read.1.tlog
c:\users\vladimir\documents\visual studio 2010\projects\t11\t11\debug\mt.write.1.tlog
c:\users\vladimir\documents\visual studio 2010\projects\t11\t11\debug\rc.command.1.tlog
c:\users\vladimir\documents\visual studio 2010\projects\t11\t11\debug\rc.read.1.tlog
c:\users\vladimir\documents\visual studio 2010\projects\t11\t11\debug\rc.write.1.tlog
c:\users\vladimir\documents\visual studio 2010\projects\t11\t11\debug\t11.write.1.tlog
c:\users\vladimir\documents\visual studio 2010\projects\t11\t11\debug\vc100.idb
c:\users\vladimir\documents\visual studio 2010\projects\t11\t11\debug\t11_manifest.rc
c:\users\vladimir\documents\visual studio 2010\projects\t11\t11\debug\t11.tlog\cl.command.1.tlog
c:\users\vladimir\documents\visual studio 2010\projects\t11\t11\debug\t11.tlog\cl.read.1.tlog
c:\users\vladimir\documents\visual studio 2010\projects\t11\t11\debug\t11.tlog\cl.write.1.tlog
c:\users\vladimir\documents\visual studio 2010\projects\t11\t11\debug\t11.tlog\link.command.1.tlog
c:\users\vladimir\documents\visual studio 2010\projects\t11\t11\debug\t11.tlog\link.read.1.tlog
c:\users\vladimir\documents\visual studio 2010\projects\t11\t11\debug\t11.tlog\link.write.1.tlog
